<?xml version="1.0" encoding="UTF-8"?>
<robot generator="Robot 7.0 (Python 3.12.1 on win32)" generated="2024-02-05T16:19:01.739164" rpa="false" schemaversion="5">
<suite id="s1" name="Amazon-Concise" source="C:\Users\bkalmis\PycharmProjects\more readable - gherkin\tests\amazon-concise.robot">
<test id="s1-t1" name="Logged out user can search for products" line="13">
<kw name="Begin Web Test" owner="Common" type="SETUP">
<kw name="Open Browser" owner="SeleniumLibrary">
<msg time="2024-02-05T16:19:02.038334" level="INFO">Opening browser 'edge' to base url 'about:blank'.</msg>
<arg>about:blank</arg>
<arg>edge</arg>
<doc>Opens a new browser instance to the optional ``url``.</doc>
<status status="PASS" start="2024-02-05T16:19:02.038334" elapsed="1.682696"/>
</kw>
<kw name="Maximize Browser Window" owner="SeleniumLibrary">
<doc>Maximizes current browser window.</doc>
<status status="PASS" start="2024-02-05T16:19:03.721030" elapsed="0.128028"/>
</kw>
<kw name="Set Selenium Implicit Wait" owner="SeleniumLibrary">
<arg>2 seconds</arg>
<doc>Sets the implicit wait value used by Selenium.</doc>
<status status="PASS" start="2024-02-05T16:19:03.849058" elapsed="0.003003"/>
</kw>
<status status="PASS" start="2024-02-05T16:19:02.038334" elapsed="1.813727"/>
</kw>
<kw name="Given user is not logged in" owner="AmazonApp">
<kw name="Log" owner="BuiltIn">
<msg time="2024-02-05T16:19:03.854059" level="INFO">Check to see whether user is logged in</msg>
<arg>Check to see whether user is logged in</arg>
<doc>Logs the given message with the given level.</doc>
<status status="PASS" start="2024-02-05T16:19:03.853061" elapsed="0.000998"/>
</kw>
<status status="PASS" start="2024-02-05T16:19:03.853061" elapsed="0.000998"/>
</kw>
<kw name="When user searches for products" owner="AmazonApp">
<kw name="Load" owner="LandingPage">
<kw name="Go To" owner="SeleniumLibrary">
<msg time="2024-02-05T16:19:03.855059" level="INFO">Opening url 'http://www.amazon.com'</msg>
<arg>http://www.amazon.com</arg>
<doc>Navigates the current browser window to the provided ``url``.</doc>
<status status="PASS" start="2024-02-05T16:19:03.855059" elapsed="1.517266"/>
</kw>
<status status="PASS" start="2024-02-05T16:19:03.854059" elapsed="1.518266"/>
</kw>
<kw name="Verify Page Loaded" owner="LandingPage">
<kw name="Wait Until Page Contains" owner="SeleniumLibrary">
<arg>EN</arg>
<doc>Waits until ``text`` appears on the current page.</doc>
<status status="PASS" start="2024-02-05T16:19:05.372325" elapsed="0.069017"/>
</kw>
<status status="PASS" start="2024-02-05T16:19:05.372325" elapsed="0.069017"/>
</kw>
<kw name="Search for Products" owner="TopNav">
<kw name="Enter Search Term" owner="TopNav">
<kw name="Input Text" owner="SeleniumLibrary">
<msg time="2024-02-05T16:19:05.443341" level="INFO">Typing text 'Ferrari 458' into text field 'id=twotabsearchtextbox'.</msg>
<arg>id=twotabsearchtextbox</arg>
<arg>Ferrari 458</arg>
<doc>Types the given ``text`` into the text field identified by ``locator``.</doc>
<status status="PASS" start="2024-02-05T16:19:05.442342" elapsed="0.243636"/>
</kw>
<status status="PASS" start="2024-02-05T16:19:05.442342" elapsed="0.243636"/>
</kw>
<kw name="Submit Search" owner="TopNav">
<kw name="Click Button" owner="SeleniumLibrary">
<msg time="2024-02-05T16:19:05.686979" level="INFO">Clicking button 'id=nav-search-submit-button'.</msg>
<arg>id=nav-search-submit-button</arg>
<doc>Clicks the button identified by ``locator``.</doc>
<status status="PASS" start="2024-02-05T16:19:05.686979" elapsed="1.880754"/>
</kw>
<status status="PASS" start="2024-02-05T16:19:05.685978" elapsed="1.881755"/>
</kw>
<status status="PASS" start="2024-02-05T16:19:05.441342" elapsed="2.126391"/>
</kw>
<status status="PASS" start="2024-02-05T16:19:03.854059" elapsed="3.713674"/>
</kw>
<kw name="Then search results contains relevant products" owner="AmazonApp">
<kw name="Verify Search Completed" owner="SearchResults">
<kw name="Wait Until Page Contains" owner="SeleniumLibrary">
<arg>results for "Ferrari 458"</arg>
<doc>Waits until ``text`` appears on the current page.</doc>
<status status="PASS" start="2024-02-05T16:19:07.569730" elapsed="0.027013"/>
</kw>
<status status="PASS" start="2024-02-05T16:19:07.569730" elapsed="0.027013"/>
</kw>
<status status="PASS" start="2024-02-05T16:19:07.568730" elapsed="0.028013"/>
</kw>
<kw name="End Web Test" owner="Common" type="TEARDOWN">
<kw name="Close Browser" owner="SeleniumLibrary">
<doc>Closes the current browser.</doc>
<status status="PASS" start="2024-02-05T16:19:07.597742" elapsed="2.182662"/>
</kw>
<status status="PASS" start="2024-02-05T16:19:07.597742" elapsed="2.183675"/>
</kw>
<tag>Smoke</tag>
<status status="PASS" start="2024-02-05T16:19:02.036333" elapsed="7.745084"/>
</test>
<test id="s1-t2" name="Logged out user can view a product" line="20">
<kw name="Begin Web Test" owner="Common" type="SETUP">
<kw name="Open Browser" owner="SeleniumLibrary">
<msg time="2024-02-05T16:19:09.783420" level="INFO">Opening browser 'edge' to base url 'about:blank'.</msg>
<arg>about:blank</arg>
<arg>edge</arg>
<doc>Opens a new browser instance to the optional ``url``.</doc>
<status status="PASS" start="2024-02-05T16:19:09.783420" elapsed="1.512928"/>
</kw>
<kw name="Maximize Browser Window" owner="SeleniumLibrary">
<doc>Maximizes current browser window.</doc>
<status status="PASS" start="2024-02-05T16:19:11.296348" elapsed="0.119052"/>
</kw>
<kw name="Set Selenium Implicit Wait" owner="SeleniumLibrary">
<arg>2 seconds</arg>
<doc>Sets the implicit wait value used by Selenium.</doc>
<status status="PASS" start="2024-02-05T16:19:11.416400" elapsed="0.002001"/>
</kw>
<status status="PASS" start="2024-02-05T16:19:09.782418" elapsed="1.635983"/>
</kw>
<kw name="Given user is not logged in" owner="AmazonApp">
<kw name="Log" owner="BuiltIn">
<msg time="2024-02-05T16:19:11.421402" level="INFO">Check to see whether user is logged in</msg>
<arg>Check to see whether user is logged in</arg>
<doc>Logs the given message with the given level.</doc>
<status status="PASS" start="2024-02-05T16:19:11.420400" elapsed="0.001002"/>
</kw>
<status status="PASS" start="2024-02-05T16:19:11.419400" elapsed="0.002002"/>
</kw>
<kw name="When user selects a searched product" owner="AmazonApp">
<kw name="user searches for products" owner="AmazonApp">
<kw name="Load" owner="LandingPage">
<kw name="Go To" owner="SeleniumLibrary">
<msg time="2024-02-05T16:19:11.423401" level="INFO">Opening url 'http://www.amazon.com'</msg>
<arg>http://www.amazon.com</arg>
<doc>Navigates the current browser window to the provided ``url``.</doc>
<status status="PASS" start="2024-02-05T16:19:11.423401" elapsed="1.454950"/>
</kw>
<status status="PASS" start="2024-02-05T16:19:11.423401" elapsed="1.455948"/>
</kw>
<kw name="Verify Page Loaded" owner="LandingPage">
<kw name="Wait Until Page Contains" owner="SeleniumLibrary">
<arg>EN</arg>
<doc>Waits until ``text`` appears on the current page.</doc>
<status status="PASS" start="2024-02-05T16:19:12.879349" elapsed="0.093033"/>
</kw>
<status status="PASS" start="2024-02-05T16:19:12.879349" elapsed="0.093033"/>
</kw>
<kw name="Search for Products" owner="TopNav">
<kw name="Enter Search Term" owner="TopNav">
<kw name="Input Text" owner="SeleniumLibrary">
<msg time="2024-02-05T16:19:12.973383" level="INFO">Typing text 'Ferrari 458' into text field 'id=twotabsearchtextbox'.</msg>
<arg>id=twotabsearchtextbox</arg>
<arg>Ferrari 458</arg>
<doc>Types the given ``text`` into the text field identified by ``locator``.</doc>
<status status="PASS" start="2024-02-05T16:19:12.973383" elapsed="0.146940"/>
</kw>
<status status="PASS" start="2024-02-05T16:19:12.972382" elapsed="0.147941"/>
</kw>
<kw name="Submit Search" owner="TopNav">
<kw name="Click Button" owner="SeleniumLibrary">
<msg time="2024-02-05T16:19:13.121323" level="INFO">Clicking button 'id=nav-search-submit-button'.</msg>
<arg>id=nav-search-submit-button</arg>
<doc>Clicks the button identified by ``locator``.</doc>
<status status="PASS" start="2024-02-05T16:19:13.121323" elapsed="0.498415"/>
</kw>
<status status="PASS" start="2024-02-05T16:19:13.120323" elapsed="0.499415"/>
</kw>
<status status="PASS" start="2024-02-05T16:19:12.972382" elapsed="0.647356"/>
</kw>
<status status="PASS" start="2024-02-05T16:19:11.422401" elapsed="2.197337"/>
</kw>
<kw name="search results contains relevant products" owner="AmazonApp">
<kw name="Verify Search Completed" owner="SearchResults">
<kw name="Wait Until Page Contains" owner="SeleniumLibrary">
<arg>results for "Ferrari 458"</arg>
<doc>Waits until ``text`` appears on the current page.</doc>
<status status="PASS" start="2024-02-05T16:19:13.620747" elapsed="1.510384"/>
</kw>
<status status="PASS" start="2024-02-05T16:19:13.620747" elapsed="1.510384"/>
</kw>
<status status="PASS" start="2024-02-05T16:19:13.620747" elapsed="1.510384"/>
</kw>
<kw name="user selects a product from search results" owner="AmazonApp">
<kw name="Click Product Link" owner="SearchResults">
<kw name="Click Link" owner="SeleniumLibrary">
<msg time="2024-02-05T16:19:15.132132" level="INFO">Clicking link 'xPath=//*[@cel_widget_id='MAIN-SEARCH_RESULTS-2']//descendant::*[contains(@class,'s-no-outline')]'.</msg>
<arg>xPath=//*[@cel_widget_id='MAIN-SEARCH_RESULTS-2']//descendant::*[contains(@class,'s-no-outline')]</arg>
<doc>Clicks a link identified by ``locator``.</doc>
<status status="PASS" start="2024-02-05T16:19:15.132132" elapsed="4.860755"/>
</kw>
<doc>Clicks on the first product in the search results list</doc>
<status status="PASS" start="2024-02-05T16:19:15.132132" elapsed="4.860755"/>
</kw>
<kw name="Verify Page Loaded" owner="Product">
<kw name="Wait Until Page Contains" owner="SeleniumLibrary">
<arg>Back to results</arg>
<doc>Waits until ``text`` appears on the current page.</doc>
<status status="PASS" start="2024-02-05T16:19:19.993885" elapsed="0.053494"/>
</kw>
<status status="PASS" start="2024-02-05T16:19:19.992887" elapsed="0.055499"/>
</kw>
<status status="PASS" start="2024-02-05T16:19:15.132132" elapsed="4.916254"/>
</kw>
<doc>This 2nd level keyword calls other 1st level keywords to help simplify the test case</doc>
<status status="PASS" start="2024-02-05T16:19:11.422401" elapsed="8.625985"/>
</kw>
<kw name="Then correct product page loads" owner="AmazonApp">
<kw name="Verify Page Loaded" owner="Product">
<kw name="Wait Until Page Contains" owner="SeleniumLibrary">
<arg>Back to results</arg>
<doc>Waits until ``text`` appears on the current page.</doc>
<status status="PASS" start="2024-02-05T16:19:20.049380" elapsed="0.048495"/>
</kw>
<status status="PASS" start="2024-02-05T16:19:20.048386" elapsed="0.049489"/>
</kw>
<status status="PASS" start="2024-02-05T16:19:20.048386" elapsed="0.049489"/>
</kw>
<kw name="End Web Test" owner="Common" type="TEARDOWN">
<kw name="Close Browser" owner="SeleniumLibrary">
<doc>Closes the current browser.</doc>
<status status="PASS" start="2024-02-05T16:19:20.098875" elapsed="2.200359"/>
</kw>
<status status="PASS" start="2024-02-05T16:19:20.098875" elapsed="2.201364"/>
</kw>
<tag>Smoke</tag>
<status status="PASS" start="2024-02-05T16:19:09.782418" elapsed="12.517821"/>
</test>
<test id="s1-t3" name="Logged out user can add product to cart" line="27">
<kw name="Begin Web Test" owner="Common" type="SETUP">
<kw name="Open Browser" owner="SeleniumLibrary">
<msg time="2024-02-05T16:19:22.302239" level="INFO">Opening browser 'edge' to base url 'about:blank'.</msg>
<arg>about:blank</arg>
<arg>edge</arg>
<doc>Opens a new browser instance to the optional ``url``.</doc>
<status status="PASS" start="2024-02-05T16:19:22.302239" elapsed="1.510053"/>
</kw>
<kw name="Maximize Browser Window" owner="SeleniumLibrary">
<doc>Maximizes current browser window.</doc>
<status status="PASS" start="2024-02-05T16:19:23.812292" elapsed="0.116796"/>
</kw>
<kw name="Set Selenium Implicit Wait" owner="SeleniumLibrary">
<arg>2 seconds</arg>
<doc>Sets the implicit wait value used by Selenium.</doc>
<status status="PASS" start="2024-02-05T16:19:23.930088" elapsed="0.001999"/>
</kw>
<status status="PASS" start="2024-02-05T16:19:22.301240" elapsed="1.631845"/>
</kw>
<kw name="Given user is not logged in" owner="AmazonApp">
<kw name="Log" owner="BuiltIn">
<msg time="2024-02-05T16:19:23.934086" level="INFO">Check to see whether user is logged in</msg>
<arg>Check to see whether user is logged in</arg>
<doc>Logs the given message with the given level.</doc>
<status status="PASS" start="2024-02-05T16:19:23.934086" elapsed="0.000000"/>
</kw>
<status status="PASS" start="2024-02-05T16:19:23.934086" elapsed="0.000000"/>
</kw>
<kw name="And user selects a searched product" owner="AmazonApp">
<kw name="user searches for products" owner="AmazonApp">
<kw name="Load" owner="LandingPage">
<kw name="Go To" owner="SeleniumLibrary">
<msg time="2024-02-05T16:19:23.936087" level="INFO">Opening url 'http://www.amazon.com'</msg>
<arg>http://www.amazon.com</arg>
<doc>Navigates the current browser window to the provided ``url``.</doc>
<status status="PASS" start="2024-02-05T16:19:23.935088" elapsed="1.462851"/>
</kw>
<status status="PASS" start="2024-02-05T16:19:23.935088" elapsed="1.462851"/>
</kw>
<kw name="Verify Page Loaded" owner="LandingPage">
<kw name="Wait Until Page Contains" owner="SeleniumLibrary">
<arg>EN</arg>
<doc>Waits until ``text`` appears on the current page.</doc>
<status status="PASS" start="2024-02-05T16:19:25.398938" elapsed="0.071018"/>
</kw>
<status status="PASS" start="2024-02-05T16:19:25.398938" elapsed="0.071018"/>
</kw>
<kw name="Search for Products" owner="TopNav">
<kw name="Enter Search Term" owner="TopNav">
<kw name="Input Text" owner="SeleniumLibrary">
<msg time="2024-02-05T16:19:25.470956" level="INFO">Typing text 'Ferrari 458' into text field 'id=twotabsearchtextbox'.</msg>
<arg>id=twotabsearchtextbox</arg>
<arg>Ferrari 458</arg>
<doc>Types the given ``text`` into the text field identified by ``locator``.</doc>
<status status="PASS" start="2024-02-05T16:19:25.469956" elapsed="0.399459"/>
</kw>
<status status="PASS" start="2024-02-05T16:19:25.469956" elapsed="0.399459"/>
</kw>
<kw name="Submit Search" owner="TopNav">
<kw name="Click Button" owner="SeleniumLibrary">
<msg time="2024-02-05T16:19:25.870416" level="INFO">Clicking button 'id=nav-search-submit-button'.</msg>
<arg>id=nav-search-submit-button</arg>
<doc>Clicks the button identified by ``locator``.</doc>
<status status="PASS" start="2024-02-05T16:19:25.870416" elapsed="1.748206"/>
</kw>
<status status="PASS" start="2024-02-05T16:19:25.869415" elapsed="1.749207"/>
</kw>
<status status="PASS" start="2024-02-05T16:19:25.469956" elapsed="2.149666"/>
</kw>
<status status="PASS" start="2024-02-05T16:19:23.935088" elapsed="3.684534"/>
</kw>
<kw name="search results contains relevant products" owner="AmazonApp">
<kw name="Verify Search Completed" owner="SearchResults">
<kw name="Wait Until Page Contains" owner="SeleniumLibrary">
<arg>results for "Ferrari 458"</arg>
<doc>Waits until ``text`` appears on the current page.</doc>
<status status="PASS" start="2024-02-05T16:19:27.620623" elapsed="0.019011"/>
</kw>
<status status="PASS" start="2024-02-05T16:19:27.620623" elapsed="0.020022"/>
</kw>
<status status="PASS" start="2024-02-05T16:19:27.619622" elapsed="0.021023"/>
</kw>
<kw name="user selects a product from search results" owner="AmazonApp">
<kw name="Click Product Link" owner="SearchResults">
<kw name="Click Link" owner="SeleniumLibrary">
<msg time="2024-02-05T16:19:27.640645" level="INFO">Clicking link 'xPath=//*[@cel_widget_id='MAIN-SEARCH_RESULTS-2']//descendant::*[contains(@class,'s-no-outline')]'.</msg>
<arg>xPath=//*[@cel_widget_id='MAIN-SEARCH_RESULTS-2']//descendant::*[contains(@class,'s-no-outline')]</arg>
<doc>Clicks a link identified by ``locator``.</doc>
<status status="PASS" start="2024-02-05T16:19:27.640645" elapsed="2.799793"/>
</kw>
<doc>Clicks on the first product in the search results list</doc>
<status status="PASS" start="2024-02-05T16:19:27.640645" elapsed="2.799793"/>
</kw>
<kw name="Verify Page Loaded" owner="Product">
<kw name="Wait Until Page Contains" owner="SeleniumLibrary">
<arg>Back to results</arg>
<doc>Waits until ``text`` appears on the current page.</doc>
<status status="PASS" start="2024-02-05T16:19:30.441434" elapsed="0.045099"/>
</kw>
<status status="PASS" start="2024-02-05T16:19:30.440438" elapsed="0.046095"/>
</kw>
<status status="PASS" start="2024-02-05T16:19:27.640645" elapsed="2.845888"/>
</kw>
<doc>This 2nd level keyword calls other 1st level keywords to help simplify the test case</doc>
<status status="PASS" start="2024-02-05T16:19:23.935088" elapsed="6.551445"/>
</kw>
<kw name="When user adds that product to their cart" owner="AmazonApp">
<kw name="Add to Cart" owner="Product">
<kw name="Click Button" owner="SeleniumLibrary">
<msg time="2024-02-05T16:19:30.487542" level="INFO">Clicking button 'id=add-to-cart-button'.</msg>
<arg>id=add-to-cart-button</arg>
<doc>Clicks the button identified by ``locator``.</doc>
<status status="PASS" start="2024-02-05T16:19:30.487542" elapsed="0.969559"/>
</kw>
<status status="PASS" start="2024-02-05T16:19:30.487542" elapsed="0.969559"/>
</kw>
<status status="PASS" start="2024-02-05T16:19:30.486533" elapsed="0.970568"/>
</kw>
<kw name="Then the product is present in cart" owner="AmazonApp">
<kw name="Verify Product Added" owner="Cart">
<kw name="Wait Until Page Contains" owner="SeleniumLibrary">
<arg>Added to Cart</arg>
<doc>Waits until ``text`` appears on the current page.</doc>
<status status="PASS" start="2024-02-05T16:19:31.458102" elapsed="0.039008"/>
</kw>
<status status="PASS" start="2024-02-05T16:19:31.458102" elapsed="0.039008"/>
</kw>
<status status="PASS" start="2024-02-05T16:19:31.458102" elapsed="0.039008"/>
</kw>
<kw name="End Web Test" owner="Common" type="TEARDOWN">
<kw name="Close Browser" owner="SeleniumLibrary">
<doc>Closes the current browser.</doc>
<status status="PASS" start="2024-02-05T16:19:31.498110" elapsed="2.195515"/>
</kw>
<status status="PASS" start="2024-02-05T16:19:31.498110" elapsed="2.195515"/>
</kw>
<tag>Smoke</tag>
<status status="PASS" start="2024-02-05T16:19:22.301240" elapsed="11.392385"/>
</test>
<test id="s1-t4" name="Logged out user must sign in to check out" line="35">
<kw name="Begin Web Test" owner="Common" type="SETUP">
<kw name="Open Browser" owner="SeleniumLibrary">
<msg time="2024-02-05T16:19:33.695631" level="INFO">Opening browser 'edge' to base url 'about:blank'.</msg>
<arg>about:blank</arg>
<arg>edge</arg>
<doc>Opens a new browser instance to the optional ``url``.</doc>
<status status="PASS" start="2024-02-05T16:19:33.695631" elapsed="1.470377"/>
</kw>
<kw name="Maximize Browser Window" owner="SeleniumLibrary">
<doc>Maximizes current browser window.</doc>
<status status="PASS" start="2024-02-05T16:19:35.166008" elapsed="0.120023"/>
</kw>
<kw name="Set Selenium Implicit Wait" owner="SeleniumLibrary">
<arg>2 seconds</arg>
<doc>Sets the implicit wait value used by Selenium.</doc>
<status status="PASS" start="2024-02-05T16:19:35.286031" elapsed="0.001000"/>
</kw>
<status status="PASS" start="2024-02-05T16:19:33.695631" elapsed="1.591400"/>
</kw>
<kw name="Given user is not logged in" owner="AmazonApp">
<kw name="Log" owner="BuiltIn">
<msg time="2024-02-05T16:19:35.288034" level="INFO">Check to see whether user is logged in</msg>
<arg>Check to see whether user is logged in</arg>
<doc>Logs the given message with the given level.</doc>
<status status="PASS" start="2024-02-05T16:19:35.288034" elapsed="0.000000"/>
</kw>
<status status="PASS" start="2024-02-05T16:19:35.288034" elapsed="0.000000"/>
</kw>
<kw name="And user adds a product to their cart" owner="AmazonApp">
<kw name="user searches for products" owner="AmazonApp">
<kw name="Load" owner="LandingPage">
<kw name="Go To" owner="SeleniumLibrary">
<msg time="2024-02-05T16:19:35.289032" level="INFO">Opening url 'http://www.amazon.com'</msg>
<arg>http://www.amazon.com</arg>
<doc>Navigates the current browser window to the provided ``url``.</doc>
<status status="PASS" start="2024-02-05T16:19:35.289032" elapsed="1.485311"/>
</kw>
<status status="PASS" start="2024-02-05T16:19:35.289032" elapsed="1.485311"/>
</kw>
<kw name="Verify Page Loaded" owner="LandingPage">
<kw name="Wait Until Page Contains" owner="SeleniumLibrary">
<arg>EN</arg>
<doc>Waits until ``text`` appears on the current page.</doc>
<status status="PASS" start="2024-02-05T16:19:36.774343" elapsed="0.061135"/>
</kw>
<status status="PASS" start="2024-02-05T16:19:36.774343" elapsed="0.061135"/>
</kw>
<kw name="Search for Products" owner="TopNav">
<kw name="Enter Search Term" owner="TopNav">
<kw name="Input Text" owner="SeleniumLibrary">
<msg time="2024-02-05T16:19:36.836485" level="INFO">Typing text 'Ferrari 458' into text field 'id=twotabsearchtextbox'.</msg>
<arg>id=twotabsearchtextbox</arg>
<arg>Ferrari 458</arg>
<doc>Types the given ``text`` into the text field identified by ``locator``.</doc>
<status status="PASS" start="2024-02-05T16:19:36.836485" elapsed="0.243889"/>
</kw>
<status status="PASS" start="2024-02-05T16:19:36.836485" elapsed="0.243889"/>
</kw>
<kw name="Submit Search" owner="TopNav">
<kw name="Click Button" owner="SeleniumLibrary">
<msg time="2024-02-05T16:19:37.082375" level="INFO">Clicking button 'id=nav-search-submit-button'.</msg>
<arg>id=nav-search-submit-button</arg>
<doc>Clicks the button identified by ``locator``.</doc>
<status status="PASS" start="2024-02-05T16:19:37.081374" elapsed="0.285535"/>
</kw>
<status status="PASS" start="2024-02-05T16:19:37.081374" elapsed="0.285535"/>
</kw>
<status status="PASS" start="2024-02-05T16:19:36.835478" elapsed="0.532429"/>
</kw>
<status status="PASS" start="2024-02-05T16:19:35.289032" elapsed="2.078875"/>
</kw>
<kw name="search results contains relevant products" owner="AmazonApp">
<kw name="Verify Search Completed" owner="SearchResults">
<kw name="Wait Until Page Contains" owner="SeleniumLibrary">
<arg>results for "Ferrari 458"</arg>
<doc>Waits until ``text`` appears on the current page.</doc>
<status status="PASS" start="2024-02-05T16:19:37.367907" elapsed="1.255617"/>
</kw>
<status status="PASS" start="2024-02-05T16:19:37.367907" elapsed="1.255617"/>
</kw>
<status status="PASS" start="2024-02-05T16:19:37.367907" elapsed="1.255617"/>
</kw>
<kw name="user selects a product from search results" owner="AmazonApp">
<kw name="Click Product Link" owner="SearchResults">
<kw name="Click Link" owner="SeleniumLibrary">
<msg time="2024-02-05T16:19:38.624522" level="INFO">Clicking link 'xPath=//*[@cel_widget_id='MAIN-SEARCH_RESULTS-2']//descendant::*[contains(@class,'s-no-outline')]'.</msg>
<arg>xPath=//*[@cel_widget_id='MAIN-SEARCH_RESULTS-2']//descendant::*[contains(@class,'s-no-outline')]</arg>
<doc>Clicks a link identified by ``locator``.</doc>
<status status="PASS" start="2024-02-05T16:19:38.623524" elapsed="2.594558"/>
</kw>
<doc>Clicks on the first product in the search results list</doc>
<status status="PASS" start="2024-02-05T16:19:38.623524" elapsed="2.595557"/>
</kw>
<kw name="Verify Page Loaded" owner="Product">
<kw name="Wait Until Page Contains" owner="SeleniumLibrary">
<arg>Back to results</arg>
<doc>Waits until ``text`` appears on the current page.</doc>
<status status="PASS" start="2024-02-05T16:19:41.219081" elapsed="0.055027"/>
</kw>
<status status="PASS" start="2024-02-05T16:19:41.219081" elapsed="0.055027"/>
</kw>
<status status="PASS" start="2024-02-05T16:19:38.623524" elapsed="2.650584"/>
</kw>
<kw name="correct product page loads" owner="AmazonApp">
<kw name="Verify Page Loaded" owner="Product">
<kw name="Wait Until Page Contains" owner="SeleniumLibrary">
<arg>Back to results</arg>
<doc>Waits until ``text`` appears on the current page.</doc>
<status status="PASS" start="2024-02-05T16:19:41.274108" elapsed="0.054998"/>
</kw>
<status status="PASS" start="2024-02-05T16:19:41.274108" elapsed="0.054998"/>
</kw>
<status status="PASS" start="2024-02-05T16:19:41.274108" elapsed="0.054998"/>
</kw>
<kw name="user adds that product to their cart" owner="AmazonApp">
<kw name="Add to Cart" owner="Product">
<kw name="Click Button" owner="SeleniumLibrary">
<msg time="2024-02-05T16:19:41.330114" level="INFO">Clicking button 'id=add-to-cart-button'.</msg>
<arg>id=add-to-cart-button</arg>
<doc>Clicks the button identified by ``locator``.</doc>
<status status="PASS" start="2024-02-05T16:19:41.330114" elapsed="1.072401"/>
</kw>
<status status="PASS" start="2024-02-05T16:19:41.329106" elapsed="1.073409"/>
</kw>
<status status="PASS" start="2024-02-05T16:19:41.329106" elapsed="1.073409"/>
</kw>
<kw name="the product is present in cart" owner="AmazonApp">
<kw name="Verify Product Added" owner="Cart">
<kw name="Wait Until Page Contains" owner="SeleniumLibrary">
<arg>Added to Cart</arg>
<doc>Waits until ``text`` appears on the current page.</doc>
<status status="PASS" start="2024-02-05T16:19:42.403516" elapsed="0.074010"/>
</kw>
<status status="PASS" start="2024-02-05T16:19:42.403516" elapsed="0.074010"/>
</kw>
<status status="PASS" start="2024-02-05T16:19:42.403516" elapsed="0.074010"/>
</kw>
<doc>This 2nd level keyword calls other 1st level keywords to help simplify the test case</doc>
<status status="PASS" start="2024-02-05T16:19:35.289032" elapsed="7.188494"/>
</kw>
<kw name="When user attempts to checkout" owner="AmazonApp">
<kw name="Proceed to Checkout" owner="Cart">
<kw name="Click Element" owner="SeleniumLibrary">
<msg time="2024-02-05T16:19:42.478525" level="INFO">Clicking element 'xPath=//*[@id="sc-buy-box-ptc-button"]'.</msg>
<arg>xPath=//*[@id="sc-buy-box-ptc-button"]</arg>
<doc>Click the element identified by ``locator``.</doc>
<status status="PASS" start="2024-02-05T16:19:42.478525" elapsed="1.608043"/>
</kw>
<status status="PASS" start="2024-02-05T16:19:42.478525" elapsed="1.608043"/>
</kw>
<status status="PASS" start="2024-02-05T16:19:42.478525" elapsed="1.608043"/>
</kw>
<kw name="Then the user is required to sign in" owner="AmazonApp">
<kw name="Verify Page Loaded" owner="SignIn">
<kw name="Wait Until Page Contains" owner="SeleniumLibrary">
<arg>Sign in</arg>
<doc>Waits until ``text`` appears on the current page.</doc>
<status status="PASS" start="2024-02-05T16:19:44.087552" elapsed="0.019269"/>
</kw>
<kw name="Element Text Should Be" owner="SeleniumLibrary">
<msg time="2024-02-05T16:19:44.106821" level="INFO">Verifying element 'xPath=//h1[@class='a-spacing-small']' contains exact text 'Sign in'.</msg>
<arg>xPath=//h1[@class='a-spacing-small']</arg>
<arg>Sign in</arg>
<doc>Verifies that element ``locator`` contains exact the text ``expected``.</doc>
<status status="PASS" start="2024-02-05T16:19:44.106821" elapsed="0.027400"/>
</kw>
<status status="PASS" start="2024-02-05T16:19:44.087552" elapsed="0.046669"/>
</kw>
<status status="PASS" start="2024-02-05T16:19:44.087552" elapsed="0.046669"/>
</kw>
<kw name="End Web Test" owner="Common" type="TEARDOWN">
<kw name="Close Browser" owner="SeleniumLibrary">
<doc>Closes the current browser.</doc>
<status status="PASS" start="2024-02-05T16:19:44.135222" elapsed="2.192487"/>
</kw>
<status status="PASS" start="2024-02-05T16:19:44.135222" elapsed="2.192487"/>
</kw>
<tag>Smoke</tag>
<status status="PASS" start="2024-02-05T16:19:33.695631" elapsed="12.633081"/>
</test>
<doc>These test cases use a 2nd level keyword to wrap up multiple 1st level keywords for brevity</doc>
<status status="PASS" start="2024-02-05T16:19:01.741171" elapsed="44.588527"/>
</suite>
<statistics>
<total>
<stat pass="4" fail="0" skip="0">All Tests</stat>
</total>
<tag>
<stat pass="4" fail="0" skip="0">Smoke</stat>
</tag>
<suite>
<stat pass="4" fail="0" skip="0" id="s1" name="Amazon-Concise">Amazon-Concise</stat>
</suite>
</statistics>
<errors>
</errors>
</robot>
